<?xml version="1.0" encoding="UTF-8"?>
<robot generator="Robot 5.0.1 (Python 3.8.10 on linux)" generated="20221205 11:27:44.707" rpa="false" schemaversion="3">
<suite id="s1" name="TC 04 06" source="/home/aaron/QA/TC_04_User_profile/TC_04_06.robot">
<test id="s1-t1" name="Verify dropdown for components are visible" line="6">
<kw name="Set Selenium Speed" library="SeleniumLibrary">
<arg>0.5s</arg>
<doc>Sets the delay that is waited after each Selenium command.</doc>
<status status="PASS" starttime="20221205 11:27:44.801" endtime="20221205 11:27:44.801"/>
</kw>
<kw name="Open Browser" library="SeleniumLibrary">
<arg>https://sintetik.xyz/</arg>
<arg>Chrome</arg>
<doc>Opens a new browser instance to the optional ``url``.</doc>
<msg timestamp="20221205 11:27:44.802" level="INFO">Opening browser 'Chrome' to base url 'https://sintetik.xyz/'.</msg>
<status status="PASS" starttime="20221205 11:27:44.801" endtime="20221205 11:27:47.022"/>
</kw>
<kw name="Maximize Browser Window" library="SeleniumLibrary">
<doc>Maximizes current browser window.</doc>
<status status="PASS" starttime="20221205 11:27:47.023" endtime="20221205 11:27:47.628"/>
</kw>
<kw name="Wait Until Page Contains Element" library="SeleniumLibrary">
<arg>//*[@id="header"]/div/div[3]/button[2]</arg>
<arg>30s</arg>
<doc>Waits until the element ``locator`` appears on the current page.</doc>
<msg timestamp="20221205 11:28:18.966" level="INFO" html="true">&lt;/td&gt;&lt;/tr&gt;&lt;tr&gt;&lt;td colspan="3"&gt;&lt;a href="selenium-screenshot-3.png"&gt;&lt;img src="selenium-screenshot-3.png" width="800px"&gt;&lt;/a&gt;</msg>
<msg timestamp="20221205 11:28:18.967" level="FAIL">Element '//*[@id="header"]/div/div[3]/button[2]' did not appear in 30 seconds.</msg>
<status status="FAIL" starttime="20221205 11:27:47.629" endtime="20221205 11:28:18.968"/>
</kw>
<kw name="Click Button" library="SeleniumLibrary">
<arg>//*[@id="header"]/div/div[3]/button[2]</arg>
<doc>Clicks the button identified by ``locator``.</doc>
<status status="NOT RUN" starttime="20221205 11:28:18.969" endtime="20221205 11:28:18.969"/>
</kw>
<kw name="Wait Until Element Is Visible" library="SeleniumLibrary">
<arg>//*[@id="signin"]/div[2]/h2/b/center</arg>
<doc>Waits until the element ``locator`` is visible.</doc>
<status status="NOT RUN" starttime="20221205 11:28:18.969" endtime="20221205 11:28:18.969"/>
</kw>
<kw name="Input Text" library="SeleniumLibrary">
<arg>//*[@id="uname-input"]</arg>
<arg>try@yahoo.com</arg>
<doc>Types the given ``text`` into the text field identified by ``locator``.</doc>
<status status="NOT RUN" starttime="20221205 11:28:18.969" endtime="20221205 11:28:18.969"/>
</kw>
<kw name="Input Password" library="SeleniumLibrary">
<arg>//*[@id="pw-input"]</arg>
<arg>Abcd1234!</arg>
<doc>Types the given password into the text field identified by ``locator``.</doc>
<status status="NOT RUN" starttime="20221205 11:28:18.969" endtime="20221205 11:28:18.969"/>
</kw>
<kw name="Click Button" library="SeleniumLibrary">
<arg>//*[@id="signin"]/div[2]/form/center[1]/button</arg>
<doc>Clicks the button identified by ``locator``.</doc>
<status status="NOT RUN" starttime="20221205 11:28:18.969" endtime="20221205 11:28:18.969"/>
</kw>
<kw name="Wait Until Element Is Visible" library="SeleniumLibrary">
<arg>//*[@id="balance-amount"]/font</arg>
<doc>Waits until the element ``locator`` is visible.</doc>
<status status="NOT RUN" starttime="20221205 11:28:18.969" endtime="20221205 11:28:18.970"/>
</kw>
<kw name="Click Button" library="SeleniumLibrary">
<arg>//*[@id="header"]/div/div[3]/button</arg>
<doc>Clicks the button identified by ``locator``.</doc>
<status status="NOT RUN" starttime="20221205 11:28:18.970" endtime="20221205 11:28:18.970"/>
</kw>
<kw name="Click Element" library="SeleniumLibrary">
<arg>//*[@id="header"]/div/div[4]/ul/li[1]</arg>
<doc>Click the element identified by ``locator``.</doc>
<status status="NOT RUN" starttime="20221205 11:28:18.970" endtime="20221205 11:28:18.970"/>
</kw>
<kw name="Click Element" library="SeleniumLibrary">
<arg>//*[@id="root"]/div/div[2]/div[1]/button[1]</arg>
<doc>Click the element identified by ``locator``.</doc>
<status status="NOT RUN" starttime="20221205 11:28:18.970" endtime="20221205 11:28:18.970"/>
</kw>
<kw name="Click Button" library="SeleniumLibrary">
<arg>//*[@id="root"]/div/div[2]/div[2]/div[1]/div/div[2]/div[2]/div/div[7]/div/button</arg>
<doc>Clicks the button identified by ``locator``.</doc>
<status status="NOT RUN" starttime="20221205 11:28:18.970" endtime="20221205 11:28:18.970"/>
</kw>
<kw name="Click Element" library="SeleniumLibrary">
<arg>//*[@id="root"]/div/div[2]/div[2]/div[1]/div/div[2]/div[2]/div/div[3]/select</arg>
<doc>Click the element identified by ``locator``.</doc>
<status status="NOT RUN" starttime="20221205 11:28:18.970" endtime="20221205 11:28:18.970"/>
</kw>
<kw name="Element Should Be Visible" library="SeleniumLibrary">
<arg>//*[@id="root"]/div/div[2]/div[2]/div[1]/div/div[2]/div[2]/div/div[3]/select/option[2]</arg>
<doc>Verifies that the element identified by ``locator`` is visible.</doc>
<status status="NOT RUN" starttime="20221205 11:28:18.970" endtime="20221205 11:28:18.970"/>
</kw>
<status status="FAIL" starttime="20221205 11:27:44.800" endtime="20221205 11:28:18.971">Element '//*[@id="header"]/div/div[3]/button[2]' did not appear in 30 seconds.</status>
</test>
<status status="FAIL" starttime="20221205 11:27:44.708" endtime="20221205 11:28:18.972"/>
</suite>
<statistics>
<total>
<stat pass="0" fail="1" skip="0">All Tests</stat>
</total>
<tag>
</tag>
<suite>
<stat pass="0" fail="1" skip="0" id="s1" name="TC 04 06">TC 04 06</stat>
</suite>
</statistics>
<errors>
</errors>
</robot>
